<?xml version="1.0" encoding="UTF-8"?>
<testsuite xmlns:xsi="http://www.w3.org/2001/XMLSchema-instance" xsi:noNamespaceSchemaLocation="https://maven.apache.org/surefire/maven-surefire-plugin/xsd/surefire-test-report-3.0.xsd" version="3.0" name="TestSuite" time="89.564" tests="10" errors="0" skipped="0" failures="5">
  <properties>
[...]
</properties>
  <testcase name="runScenario[&quot;Show an error when try to add zero quantity&quot;, &quot;Add to cart&quot;](1)" classname="awesomecucumber.runners.FailedRunnerTests" time="11.095">
    <failure message="Failing this step intentionally to check the screenshot attached int the Report" type="java.lang.AssertionError"><![CDATA[java.lang.AssertionError: Failing this step intentionally to check the screenshot attached int the Report
]]></failure>
    <system-out><![CDATA[This is BeforeAll method ##########

@regression @smoke
Scenario: Show an error when try to add zero quantity &amp#27;[90m# src/test/resources/features/add_to_cart.feature:47&amp#27;[0m
BEFORE: THREAD ID : 1,SCENARIO NAME: Show an error when try to add zero quantity
  &amp#27;[32mGiven &amp#27;[0m&amp#27;[32mI'm browsing &amp#27;[0m&amp#27;[32m&amp#27;[1m"Blue Shoes"&amp#27;[0m                     &amp#27;[90m# awesomecucumber.stepdefinitions.ProductStepDefinitions.iAmBrowsing(awesomecucumber.domainobjects.Product)&amp#27;[0m
  &amp#27;[32mWhen &amp#27;[0m&amp#27;[32mI add &amp#27;[0m&amp#27;[32m&amp#27;[1m0&amp#27;[0m&amp#27;[32m quantity&amp#27;[0m                               &amp#27;[90m# awesomecucumber.stepdefinitions.ProductStepDefinitions.iSelectQuantity(int)&amp#27;[0m
  &amp#27;[31mThen &amp#27;[0m&amp#27;[31mI should see an error&amp#27;[0m                          &amp#27;[90m# awesomecucumber.stepdefinitions.ProductStepDefinitions.iShouldSeeAnError()&amp#27;[0m
      &amp#27;[31mjava.lang.AssertionError: Failing this step intentionally to check the screenshot attached int the Report
	at org.testng.Assert.fail(Assert.java:111)
	at awesomecucumber.stepdefinitions.ProductStepDefinitions.iShouldSeeAnError(ProductStepDefinitions.java:47)
	at âœ½.I should see an error(file:///C:/Workspace/Webdriver-Framework/src/test/resources/features/add_to_cart.feature:50)
&amp#27;[0m
AFTER: THREAD ID : 1,SCENARIO NAME: Show an error when try to add zero quantity

    Embedding Show an error when try to add zero quantity [image/png 238589 bytes]

]]></system-out>
    <system-err><![CDATA[SLF4J: No SLF4J providers were found.
SLF4J: Defaulting to no-operation (NOP) logger implementation
SLF4J: See https://www.slf4j.org/codes.html#noProviders for further details.
SLF4J: Class path contains SLF4J bindings targeting slf4j-api versions 1.7.x or earlier.
SLF4J: Ignoring binding found at [jar:file:/C:/Users/shipr/.m2/repository/org/slf4j/slf4j-log4j12/1.7.5/slf4j-log4j12-1.7.5.jar!/org/slf4j/impl/StaticLoggerBinder.class]
SLF4J: See https://www.slf4j.org/codes.html#ignoredBindings for an explanation.
]]></system-err>
  </testcase>
  <testcase name="runScenario[&quot;Change the product quantity using arrows&quot;, &quot;Add to cart&quot;](2)" classname="awesomecucumber.runners.MyTestNGRunnerTest" time="21.957">
    <system-out><![CDATA[This is AfterAll method ##########
Zipped Cucumber reports successfuly
Email send - START
****************************************
File name: ./target/cucumber/cucumber.html
<html>

 

        <body> 
<table class="container" align="center" style="padding-top:20px">
<tr align="center"><td colspan="4"><h2>Automation Test Suite Report - Master Selenium Framework - BDD Cucumber</h2></td></tr>
<tr><td>

       <table style="background:#67c2ef;width:120px" >
                     <tr><td style="font-size: 36px" class="value" align="center"></td></tr>
                     <tr><td align="center">Total : 1</td></tr>
       
                </table>
                </td>
                <td>
               
                 <table style="background:#79c447;width:120px">
                     <tr><td style="font-size: 36px" class="value" align="center"></td></tr>
                     <tr><td align="center">Passed : 0</td></tr>
       
                </table>
                </td>
                <td>
                <table style="background:#ff5454;width:120px">
                     <tr><td style="font-size: 36px" class="value" align="center"></td></tr>
                     <tr><td align="center">Failed : 1</td></tr>
       
                </table>
                
                </td>
                <td>
                <table style="background:#fabb3d;width:120px">
                     <tr><td style="font-size: 36px" class="value" align="center"></td></tr>
                     <tr><td align="center">Skipped : 0</td></tr>
       
                </table>
                
                </td>
                </tr>
               
                
            </table>
       
    </body>
</html>
Email sent successfully.
****************************************
This is BeforeAll method ##########

@regression @smoke @demo
Scenario Outline: Add one quantity from Store       # src/test/resources/features/add_to_cart.feature:19
BEFORE: THREAD ID : 41,SCENARIO NAME: Add one quantity from Store

@regression @sanity @smoke
Scenario Outline: Change the product quantity using arrows # src/test/resources/features/add_to_cart.feature:62
BEFORE: THREAD ID : 47,SCENARIO NAME: Change the product quantity using arrows

@regression @smoke
Scenario: Show an error when try to add zero quantity # src/test/resources/features/add_to_cart.feature:47
BEFORE: THREAD ID : 44,SCENARIO NAME: Show an error when try to add zero quantity

@regression @smoke
Scenario: Add the product already in the cart  # src/test/resources/features/add_to_cart.feature:21
BEFORE: THREAD ID : 42,SCENARIO NAME: Add the product already in the cart

@regression @sanity @bvt @smoke
Scenario: using default payment option         # src/test/resources/features/guest_place_an_order.feature:6
BEFORE: THREAD ID : 48,SCENARIO NAME: using default payment option

@regression @smoke @demo
Scenario Outline: Add one quantity from Store  # src/test/resources/features/add_to_cart.feature:18
BEFORE: THREAD ID : 40,SCENARIO NAME: Add one quantity from Store

@regression @sanity @smoke
Scenario Outline: Change the product quantity using arrows # src/test/resources/features/add_to_cart.feature:60
BEFORE: THREAD ID : 45,SCENARIO NAME: Change the product quantity using arrows

@regression @sanity @smoke
Scenario Outline: Change the product quantity using arrows # src/test/resources/features/add_to_cart.feature:61

@regression @smoke
Scenario: Add the product already in the cart  # src/test/resources/features/add_to_cart.feature:40
BEFORE: THREAD ID : 46,SCENARIO NAME: Change the product quantity using arrows
BEFORE: THREAD ID : 43,SCENARIO NAME: Add the product already in the cart
  Given I'm on the Store Page                  # awesomecucumber.stepdefinitions.StoreStepDefinitions.iMOnTheStorePage()
  Given I'm on the Store Page                       # awesomecucumber.stepdefinitions.StoreStepDefinitions.iMOnTheStorePage()
  Given I'm browsing "Blue Shoes"                          # awesomecucumber.stepdefinitions.ProductStepDefinitions.iAmBrowsing(awesomecucumber.domainobjects.Product)
  Given I'm browsing "Blue Shoes"                     # awesomecucumber.stepdefinitions.ProductStepDefinitions.iAmBrowsing(awesomecucumber.domainobjects.Product)
  Given I'm on the Store Page                  # awesomecucumber.stepdefinitions.StoreStepDefinitions.iMOnTheStorePage()
  Given I'm browsing "Blue Shoes"                          # awesomecucumber.stepdefinitions.ProductStepDefinitions.iAmBrowsing(awesomecucumber.domainobjects.Product)
  Given I'm browsing "Blue Shoes"              # awesomecucumber.stepdefinitions.ProductStepDefinitions.iAmBrowsing(awesomecucumber.domainobjects.Product)
  Given I'm a guest customer                   # awesomecucumber.stepdefinitions.CustomerStepDefinitions.iMAGuestCustomer()
  And my billing details are                   # awesomecucumber.stepdefinitions.CustomerStepDefinitions.myBillingDetailsAre(awesomecucumber.domainobjects.BillingDetails)
    | firstname | lastname | country            | address_line1     | city  | state | zip   | email              |
    | demo      | user     | United States (US) | 6300 Spring Creek | Plano | Texas | 75024 | askomdch@gmail.com |
  And the selected quantity is 1                           # awesomecucumber.stepdefinitions.ProductStepDefinitions.theSelectedQuantityIs(int)
  Given I'm browsing "Blue Shoes"                          # awesomecucumber.stepdefinitions.ProductStepDefinitions.iAmBrowsing(awesomecucumber.domainobjects.Product)
  When I add 0 quantity                               # awesomecucumber.stepdefinitions.ProductStepDefinitions.iSelectQuantity(int)
QUANTITY: 1
  And the selected quantity is 1                           # awesomecucumber.stepdefinitions.ProductStepDefinitions.theSelectedQuantityIs(int)
  When I use down arrow to change the quantity             # awesomecucumber.stepdefinitions.ProductStepDefinitions.iUseDirectionArrowToChangeTheQuantity(java.lang.String)
  Then the selected quantity changes to 1                  # awesomecucumber.stepdefinitions.ProductStepDefinitions.theSelectedQuantityChangesToNewQuantity(int)
AFTER: THREAD ID : 47,SCENARIO NAME: Change the product quantity using arrows
  And the selected quantity is 2                           # awesomecucumber.stepdefinitions.ProductStepDefinitions.theSelectedQuantityIs(int)
  Then I should see an error                          # awesomecucumber.stepdefinitions.ProductStepDefinitions.iShouldSeeAnError()
      java.lang.AssertionError: Failing this step intentionally to check the screenshot attached int the Report
	at org.testng.Assert.fail(Assert.java:111)
	at awesomecucumber.stepdefinitions.ProductStepDefinitions.iShouldSeeAnError(ProductStepDefinitions.java:47)
	at âœ½.I should see an error(file:///C:/Workspace/Webdriver-Framework/src/test/resources/features/add_to_cart.feature:50)

AFTER: THREAD ID : 44,SCENARIO NAME: Show an error when try to add zero quantity
QUANTITY: 2

    Embedding Show an error when try to add zero quantity [image/png 242314 bytes]

  When I use up arrow to change the quantity               # awesomecucumber.stepdefinitions.ProductStepDefinitions.iUseDirectionArrowToChangeTheQuantity(java.lang.String)
  Then the selected quantity changes to 2                  # awesomecucumber.stepdefinitions.ProductStepDefinitions.theSelectedQuantityChangesToNewQuantity(int)
AFTER: THREAD ID : 45,SCENARIO NAME: Change the product quantity using arrows
QUANTITY: 1
  When I use down arrow to change the quantity             # awesomecucumber.stepdefinitions.ProductStepDefinitions.iUseDirectionArrowToChangeTheQuantity(java.lang.String)
  Then the selected quantity changes to 1                  # awesomecucumber.stepdefinitions.ProductStepDefinitions.theSelectedQuantityChangesToNewQuantity(int)
AFTER: THREAD ID : 46,SCENARIO NAME: Change the product quantity using arrows
Request method:	POST
Request URI:	https://askomdch.com/?wc-ajax=add_to_cart
Proxy:			<none>
Request params:	<none>
Query params:	<none>
Form params:	product_sku=
				quantity=1
				product_id=1215
Path params:	<none>
Headers:		Accept=*/*
				Content-Type=application/x-www-form-urlencoded; charset=ISO-8859-1
Cookies:		<none>
Multiparts:		<none>
Body:			<none>
Request method:	POST
Request URI:	https://askomdch.com/?wc-ajax=add_to_cart
Proxy:			<none>
Request params:	<none>
Query params:	<none>
Form params:	product_sku=
				quantity=1
				product_id=1215
Path params:	<none>
Headers:		Accept=*/*
				Content-Type=application/x-www-form-urlencoded; charset=ISO-8859-1
Cookies:		<none>
Multiparts:		<none>
Body:			<none>
Request method:	POST
Request URI:	https://askomdch.com/?wc-ajax=add_to_cart
Proxy:			<none>
Request params:	<none>
Query params:	<none>
Form params:	product_sku=
				quantity=1
				product_id=1215
Path params:	<none>
Headers:		Accept=*/*
				Content-Type=application/x-www-form-urlencoded; charset=ISO-8859-1
Cookies:		<none>
Multiparts:		<none>
Body:			<none>
]]></system-out>
    <system-err><![CDATA[Dec 03, 2023 1:31:24 PM net.masterthought.cucumber.ReportParser parseJsonFiles
INFO: File 'C:\Users\shipr\AppData\Local\Temp\cucumber7447156005050180706.json' contains 1 feature(s)
&amp#27;[32m&amp#27;[1m┌──────────────────────────────────────────────────────────────────────────┐&amp#27;[0m
&amp#27;[32m&amp#27;[1m│&amp#27;[0m View your Cucumber Report at:                                            &amp#27;[32m&amp#27;[1m│&amp#27;[0m
&amp#27;[32m&amp#27;[1m│&amp#27;[0m &amp#27;[1m&amp#27;[36m&amp#27;[4mhttps://reports.cucumber.io/reports/475817cc-1eee-4006-b61f-4f3318f6c836&amp#27;[0m &amp#27;[32m&amp#27;[1m│&amp#27;[0m
&amp#27;[32m&amp#27;[1m│&amp#27;[0m                                                                          &amp#27;[32m&amp#27;[1m│&amp#27;[0m
&amp#27;[32m&amp#27;[1m│&amp#27;[0m &amp#27;[1mThis report will self-destruct in 24h.&amp#27;[0m                                   &amp#27;[32m&amp#27;[1m│&amp#27;[0m
&amp#27;[32m&amp#27;[1m│&amp#27;[0m Keep reports forever: &amp#27;[4m&amp#27;[1m&amp#27;[36mhttps://reports.cucumber.io/profile&amp#27;[0m                &amp#27;[32m&amp#27;[1m│&amp#27;[0m
&amp#27;[32m&amp#27;[1m└──────────────────────────────────────────────────────────────────────────┘&amp#27;[0m]]></system-err>
  </testcase>
  <testcase name="runScenario[&quot;Change the product quantity using arrows&quot;, &quot;Add to cart&quot;](2)" classname="awesomecucumber.runners.MyTestNGRunnerTest" time="21.96"/>
  <testcase name="runScenario[&quot;Show an error when try to add zero quantity&quot;, &quot;Add to cart&quot;](3)" classname="awesomecucumber.runners.MyTestNGRunnerTest" time="21.96">
    <failure message="Failing this step intentionally to check the screenshot attached int the Report" type="java.lang.AssertionError"><![CDATA[java.lang.AssertionError: Failing this step intentionally to check the screenshot attached int the Report
]]></failure>
  </testcase>
  <testcase name="runScenario[&quot;Change the product quantity using arrows&quot;, &quot;Add to cart&quot;](4)" classname="awesomecucumber.runners.MyTestNGRunnerTest" time="22.03"/>
  <testcase name="runScenario[&quot;Add one quantity from Store&quot;, &quot;Add to cart&quot;](5)" classname="awesomecucumber.runners.MyTestNGRunnerTest" time="24.972">
    <failure message="Expected condition failed: waiting for element to be clickable: By.cssSelector: a[aria-label=&apos;Add â€œAnchor Braceletâ€� to your cart&apos;] (tried for 10 second(s) with 500 milliseconds interval)&#10;Build info: version: &apos;4.15.0&apos;, revision: &apos;1d14b5521b&apos;&#10;System info: os.name: &apos;Windows 11&apos;, os.arch: &apos;amd64&apos;, os.version: &apos;10.0&apos;, java.version: &apos;17.0.9&apos;&#10;Driver info: org.openqa.selenium.chrome.ChromeDriver&#10;Capabilities {acceptInsecureCerts: false, browserName: chrome, browserVersion: 119.0.6045.200, chrome: {chromedriverVersion: 119.0.6045.105 (38c72552c5e..., userDataDir: C:\Users\shipr\AppData\Loca...}, fedcm:accounts: true, goog:chromeOptions: {debuggerAddress: localhost:63760}, networkConnectionEnabled: false, pageLoadStrategy: normal, platformName: windows, proxy: Proxy(), se:cdp: ws://localhost:63760/devtoo..., se:cdpVersion: 119.0.6045.200, setWindowRect: true, strictFileInteractability: false, timeouts: {implicit: 0, pageLoad: 300000, script: 30000}, unhandledPromptBehavior: dismiss and notify, webauthn:extension:credBlob: true, webauthn:extension:largeBlob: true, webauthn:extension:minPinLength: true, webauthn:extension:prf: true, webauthn:virtualAuthenticators: true}&#10;Session ID: 338f866d4a9ae59ebc6df874ebd11d52" type="org.openqa.selenium.TimeoutException"><![CDATA[org.openqa.selenium.TimeoutException: 
Expected condition failed: waiting for element to be clickable: By.cssSelector: a[aria-label='Add â€œAnchor Braceletâ€� to your cart'] (tried for 10 second(s) with 500 milliseconds interval)
Build info: version: '4.15.0', revision: '1d14b5521b'
System info: os.name: 'Windows 11', os.arch: 'amd64', os.version: '10.0', java.version: '17.0.9'
Driver info: org.openqa.selenium.chrome.ChromeDriver
Capabilities {acceptInsecureCerts: false, browserName: chrome, browserVersion: 119.0.6045.200, chrome: {chromedriverVersion: 119.0.6045.105 (38c72552c5e..., userDataDir: C:\Users\shipr\AppData\Loca...}, fedcm:accounts: true, goog:chromeOptions: {debuggerAddress: localhost:63760}, networkConnectionEnabled: false, pageLoadStrategy: normal, platformName: windows, proxy: Proxy(), se:cdp: ws://localhost:63760/devtoo..., se:cdpVersion: 119.0.6045.200, setWindowRect: true, strictFileInteractability: false, timeouts: {implicit: 0, pageLoad: 300000, script: 30000}, unhandledPromptBehavior: dismiss and notify, webauthn:extension:credBlob: true, webauthn:extension:largeBlob: true, webauthn:extension:minPinLength: true, webauthn:extension:prf: true, webauthn:virtualAuthenticators: true}
Session ID: 338f866d4a9ae59ebc6df874ebd11d52
]]></failure>
    <system-out><![CDATA[HTTP/1.1 200 OK
Date: Sun, 03 Dec 2023 08:01:49 GMT
Content-Type: application/json; charset=UTF-8
Transfer-Encoding: chunked
Connection: keep-alive
vary: Accept-Encoding
x-content-type-options: nosniff
x-content-type-options: nosniff
x-robots-tag: noindex
set-cookie: woocommerce_items_in_cart=1; path=/
set-cookie: woocommerce_cart_hash=42e65b245308ba4f486b61612707a993; path=/
set-cookie: wp_woocommerce_session_e39c30ea93030240fdcfed1ddf385ba1=t_4d45b493d6c3e032a35ea8eb2dec99%7C%7C1701763309%7C%7C1701759709%7C%7C7b4811fec628cd31dcd40b1592c26749; expires=Tue, 05-Dec-2023 08:01:49 GMT; Max-Age=172800; path=/; secure; HttpOnly
set-cookie: woocommerce_items_in_cart=1; path=/
set-cookie: woocommerce_cart_hash=077edd270071e91cf806e27ea69d99f4; path=/
set-cookie: wp_woocommerce_session_e39c30ea93030240fdcfed1ddf385ba1=t_4d45b493d6c3e032a35ea8eb2dec99%7C%7C1701763309%7C%7C1701759709%7C%7C7b4811fec628cd31dcd40b1592c26749; expires=Tue, 05-Dec-2023 08:01:49 GMT; Max-Age=172800; path=/; secure; HttpOnly
expires: Wed, 11 Jan 1984 05:00:00 GMT
Cache-Control: no-cache, must-revalidate, max-age=0
strict-transport-security: max-age=63072000
x-frame-options: SAMEORIGIN
x-xss-protection: 1; mode=block
Content-Encoding: gzip
CF-Cache-Status: DYNAMIC
Report-To: {"endpoints":[{"url":"https:\/\/a.nel.cloudflare.com\/report\/v3?s=XEc1M5rWrWAkjJk3GKquYkhExr7y7ShbbGjtUUTzXTZIO%2Fkj%2BtDYlfC0K%2BWgcSlbYHv1ACL%2B594lGH57XFSZMevAkRdGmatJXftm%2BCeS2ARgc%2FpQTP2txP3Vy1e%2BPLk%3D"}],"group":"cf-nel","max_age":604800}
NEL: {"success_fraction":0,"report_to":"cf-nel","max_age":604800}
Server: cloudflare
CF-RAY: 82fa48abfae2694b-FRA
alt-svc: h3=":443"; ma=86400

{
    "fragments": {
        "div.widget_shopping_cart_content": "<div class=\"widget_shopping_cart_content\">\n\n\t<ul class=\"woocommerce-mini-cart cart_list product_list_widget \">\n\t\t\t\t\t\t<li class=\"woocommerce-mini-cart-item mini_cart_item\">\n\t\t\t\t\t<a href=\"https://askomdch.com/cart/?remove_item=a4d2f0d23dcc84ce983ff9157f8b7f88&#038;_wpnonce=3f82df870b\" class=\"remove remove_from_cart_button\" aria-label=\"Remove this item\" data-product_id=\"1215\" data-cart_item_key=\"a4d2f0d23dcc84ce983ff9157f8b7f88\" data-product_sku=\"\">&times;</a>\t\t\t\t\t\t\t\t\t\t\t<a href=\"https://askomdch.com/product/blue-shoes/\">\n\t\t\t\t\t\t\t<img width=\"300\" height=\"300\" src=\"https://askomdch.com/wp-content/uploads/2021/06/pro-14-300x300.jpg\" class=\"attachment-woocommerce_thumbnail size-woocommerce_thumbnail\" alt=\"\" srcset=\"https://askomdch.com/wp-content/uploads/2021/06/pro-14-300x300.jpg 300w, https://askomdch.com/wp-content/uploads/2021/06/pro-14-150x150.jpg 150w, https://askomdch.com/wp-content/uploads/2021/06/pro-14-100x100.jpg 100w, https://askomdch.com/wp-content/uploads/2021/06/pro-14.jpg 600w\" sizes=\"(max-width: 300px) 100vw, 300px\" />Blue Shoes\t\t\t\t\t\t</a>\n\t\t\t\t\t\t\t\t\t\t\t\t\t\t\t<span class=\"quantity\">1 &times; <span class=\"woocommerce-Price-amount amount\"><bdi><span class=\"woocommerce-Price-currencySymbol\">&#36;</span>45.00</bdi></span></span>\t\t\t\t</li>\n\t\t\t\t\t</ul>\n\n\t<p class=\"woocommerce-mini-cart__total total\">\n\t\t<strong>Subtotal:</strong> <span class=\"woocommerce-Price-amount amount\"><bdi><span class=\"woocommerce-Price-currencySymbol\">&#36;</span>45.00</bdi></span>\t</p>\n\n\t\n\t<p class=\"woocommerce-mini-cart__buttons buttons\"><a href=\"https://askomdch.com/cart/\" class=\"button wc-forward\">View cart</a><a href=\"https://askomdch.com/checkout/\" class=\"button checkout wc-forward\">Checkout</a></p>\n\n\t\n\n</div>",
        "a.cart-container": "\t\t\t<a class=\"cart-container\" href=\"https://askomdch.com/cart/\" title=\"View your shopping cart\">\r\n\r\n\t\t\t\t\t\t\t\t\t\t\t\t\t<div class=\"ast-cart-menu-wrap\">\r\n\t\t\t\t\t\t\t\t<span class=\"count\">\r\n\t\t\t\t\t\t\t\t\t1\t\t\t\t\t\t\t\t</span>\r\n\t\t\t\t\t\t\t</div>\r\n\t\t\t\t\t\t\t\t\t\t</a>\r\n\t\t\t"
    },
    "cart_hash": "077edd270071e91cf806e27ea69d99f4"
}
HTTP/1.1 200 OK
Date: Sun, 03 Dec 2023 08:01:50 GMT
Content-Type: application/json; charset=UTF-8
Transfer-Encoding: chunked
Connection: keep-alive
vary: Accept-Encoding
x-content-type-options: nosniff
x-content-type-options: nosniff
x-robots-tag: noindex
set-cookie: woocommerce_items_in_cart=1; path=/
set-cookie: woocommerce_cart_hash=42e65b245308ba4f486b61612707a993; path=/
set-cookie: wp_woocommerce_session_e39c30ea93030240fdcfed1ddf385ba1=t_2dc6020419e9a10a63db06ed08e9aa%7C%7C1701763310%7C%7C1701759710%7C%7C5a8240d18c23b8a4f5472f1b89ca3541; expires=Tue, 05-Dec-2023 08:01:50 GMT; Max-Age=172800; path=/; secure; HttpOnly
set-cookie: woocommerce_items_in_cart=1; path=/
set-cookie: woocommerce_cart_hash=077edd270071e91cf806e27ea69d99f4; path=/
set-cookie: wp_woocommerce_session_e39c30ea93030240fdcfed1ddf385ba1=t_2dc6020419e9a10a63db06ed08e9aa%7C%7C1701763310%7C%7C1701759710%7C%7C5a8240d18c23b8a4f5472f1b89ca3541; expires=Tue, 05-Dec-2023 08:01:50 GMT; Max-Age=172800; path=/; secure; HttpOnly
expires: Wed, 11 Jan 1984 05:00:00 GMT
Cache-Control: no-cache, must-revalidate, max-age=0
strict-transport-security: max-age=63072000
x-frame-options: SAMEORIGIN
x-xss-protection: 1; mode=block
Content-Encoding: gzip
CF-Cache-Status: DYNAMIC
Report-To: {"endpoints":[{"url":"https:\/\/a.nel.cloudflare.com\/report\/v3?s=clq42XwThMLWFRdBQgS%2BHGsB3ymUdww6015%2BylPyqIeh6ugYdJ06TFUJ8KhVpnEYDCy43ZcypIQQRWRPrl7oL25gEI6bp0BcolzJ4KBrQoJJSOi3ZM5tNak6DEz58%2BQ%3D"}],"group":"cf-nel","max_age":604800}
NEL: {"success_fraction":0,"report_to":"cf-nel","max_age":604800}
Server: cloudflare
CF-RAY: 82fa48ac5f61b79d-AMS
alt-svc: h3=":443"; ma=86400

{
    "fragments": {
        "div.widget_shopping_cart_content": "<div class=\"widget_shopping_cart_content\">\n\n\t<ul class=\"woocommerce-mini-cart cart_list product_list_widget \">\n\t\t\t\t\t\t<li class=\"woocommerce-mini-cart-item mini_cart_item\">\n\t\t\t\t\t<a href=\"https://askomdch.com/cart/?remove_item=a4d2f0d23dcc84ce983ff9157f8b7f88&#038;_wpnonce=64b2152c8f\" class=\"remove remove_from_cart_button\" aria-label=\"Remove this item\" data-product_id=\"1215\" data-cart_item_key=\"a4d2f0d23dcc84ce983ff9157f8b7f88\" data-product_sku=\"\">&times;</a>\t\t\t\t\t\t\t\t\t\t\t<a href=\"https://askomdch.com/product/blue-shoes/\">\n\t\t\t\t\t\t\t<img width=\"300\" height=\"300\" src=\"https://askomdch.com/wp-content/uploads/2021/06/pro-14-300x300.jpg\" class=\"attachment-woocommerce_thumbnail size-woocommerce_thumbnail\" alt=\"\" srcset=\"https://askomdch.com/wp-content/uploads/2021/06/pro-14-300x300.jpg 300w, https://askomdch.com/wp-content/uploads/2021/06/pro-14-150x150.jpg 150w, https://askomdch.com/wp-content/uploads/2021/06/pro-14-100x100.jpg 100w, https://askomdch.com/wp-content/uploads/2021/06/pro-14.jpg 600w\" sizes=\"(max-width: 300px) 100vw, 300px\" />Blue Shoes\t\t\t\t\t\t</a>\n\t\t\t\t\t\t\t\t\t\t\t\t\t\t\t<span class=\"quantity\">1 &times; <span class=\"woocommerce-Price-amount amount\"><bdi><span class=\"woocommerce-Price-currencySymbol\">&#36;</span>45.00</bdi></span></span>\t\t\t\t</li>\n\t\t\t\t\t</ul>\n\n\t<p class=\"woocommerce-mini-cart__total total\">\n\t\t<strong>Subtotal:</strong> <span class=\"woocommerce-Price-amount amount\"><bdi><span class=\"woocommerce-Price-currencySymbol\">&#36;</span>45.00</bdi></span>\t</p>\n\n\t\n\t<p class=\"woocommerce-mini-cart__buttons buttons\"><a href=\"https://askomdch.com/cart/\" class=\"button wc-forward\">View cart</a><a href=\"https://askomdch.com/checkout/\" class=\"button checkout wc-forward\">Checkout</a></p>\n\n\t\n\n</div>",
        "a.cart-container": "\t\t\t<a class=\"cart-container\" href=\"https://askomdch.com/cart/\" title=\"View your shopping cart\">\r\n\r\n\t\t\t\t\t\t\t\t\t\t\t\t\t<div class=\"ast-cart-menu-wrap\">\r\n\t\t\t\t\t\t\t\t<span class=\"count\">\r\n\t\t\t\t\t\t\t\t\t1\t\t\t\t\t\t\t\t</span>\r\n\t\t\t\t\t\t\t</div>\r\n\t\t\t\t\t\t\t\t\t\t</a>\r\n\t\t\t"
    },
    "cart_hash": "077edd270071e91cf806e27ea69d99f4"
}
HTTP/1.1 200 OK
Date: Sun, 03 Dec 2023 08:01:49 GMT
Content-Type: application/json; charset=UTF-8
Transfer-Encoding: chunked
Connection: keep-alive
vary: Accept-Encoding
x-content-type-options: nosniff
x-content-type-options: nosniff
x-robots-tag: noindex
set-cookie: woocommerce_items_in_cart=1; path=/
set-cookie: woocommerce_cart_hash=42e65b245308ba4f486b61612707a993; path=/
set-cookie: wp_woocommerce_session_e39c30ea93030240fdcfed1ddf385ba1=t_f0b2ffcccd7e797a701c5aec0e050f%7C%7C1701763309%7C%7C1701759709%7C%7C6a975a42312432dfbe8ed6acf1033422; expires=Tue, 05-Dec-2023 08:01:49 GMT; Max-Age=172800; path=/; secure; HttpOnly
set-cookie: woocommerce_items_in_cart=1; path=/
set-cookie: woocommerce_cart_hash=077edd270071e91cf806e27ea69d99f4; path=/
set-cookie: wp_woocommerce_session_e39c30ea93030240fdcfed1ddf385ba1=t_f0b2ffcccd7e797a701c5aec0e050f%7C%7C1701763309%7C%7C1701759709%7C%7C6a975a42312432dfbe8ed6acf1033422; expires=Tue, 05-Dec-2023 08:01:49 GMT; Max-Age=172800; path=/; secure; HttpOnly
expires: Wed, 11 Jan 1984 05:00:00 GMT
Cache-Control: no-cache, must-revalidate, max-age=0
strict-transport-security: max-age=63072000
x-frame-options: SAMEORIGIN
x-xss-protection: 1; mode=block
Content-Encoding: gzip
CF-Cache-Status: DYNAMIC
Report-To: {"endpoints":[{"url":"https:\/\/a.nel.cloudflare.com\/report\/v3?s=Cat7EBzEFK44BzrEInIBNmi5wkzZ2Iiraxva%2FuM7F6wAXC%2Bj0tuSRNtSZWVdisglT4eotWlWvhqi3Muon6cAyKemOu7JHwWKVxE4q9W0kpTzgxpRMpFlSxn2agr9lco%3D"}],"group":"cf-nel","max_age":604800}
NEL: {"success_fraction":0,"report_to":"cf-nel","max_age":604800}
Server: cloudflare
CF-RAY: 82fa48abda8c0bc1-AMS
alt-svc: h3=":443"; ma=86400

{
    "fragments": {
        "div.widget_shopping_cart_content": "<div class=\"widget_shopping_cart_content\">\n\n\t<ul class=\"woocommerce-mini-cart cart_list product_list_widget \">\n\t\t\t\t\t\t<li class=\"woocommerce-mini-cart-item mini_cart_item\">\n\t\t\t\t\t<a href=\"https://askomdch.com/cart/?remove_item=a4d2f0d23dcc84ce983ff9157f8b7f88&#038;_wpnonce=76db60b466\" class=\"remove remove_from_cart_button\" aria-label=\"Remove this item\" data-product_id=\"1215\" data-cart_item_key=\"a4d2f0d23dcc84ce983ff9157f8b7f88\" data-product_sku=\"\">&times;</a>\t\t\t\t\t\t\t\t\t\t\t<a href=\"https://askomdch.com/product/blue-shoes/\">\n\t\t\t\t\t\t\t<img width=\"300\" height=\"300\" src=\"https://askomdch.com/wp-content/uploads/2021/06/pro-14-300x300.jpg\" class=\"attachment-woocommerce_thumbnail size-woocommerce_thumbnail\" alt=\"\" srcset=\"https://askomdch.com/wp-content/uploads/2021/06/pro-14-300x300.jpg 300w, https://askomdch.com/wp-content/uploads/2021/06/pro-14-150x150.jpg 150w, https://askomdch.com/wp-content/uploads/2021/06/pro-14-100x100.jpg 100w, https://askomdch.com/wp-content/uploads/2021/06/pro-14.jpg 600w\" sizes=\"(max-width: 300px) 100vw, 300px\" />Blue Shoes\t\t\t\t\t\t</a>\n\t\t\t\t\t\t\t\t\t\t\t\t\t\t\t<span class=\"quantity\">1 &times; <span class=\"woocommerce-Price-amount amount\"><bdi><span class=\"woocommerce-Price-currencySymbol\">&#36;</span>45.00</bdi></span></span>\t\t\t\t</li>\n\t\t\t\t\t</ul>\n\n\t<p class=\"woocommerce-mini-cart__total total\">\n\t\t<strong>Subtotal:</strong> <span class=\"woocommerce-Price-amount amount\"><bdi><span class=\"woocommerce-Price-currencySymbol\">&#36;</span>45.00</bdi></span>\t</p>\n\n\t\n\t<p class=\"woocommerce-mini-cart__buttons buttons\"><a href=\"https://askomdch.com/cart/\" class=\"button wc-forward\">View cart</a><a href=\"https://askomdch.com/checkout/\" class=\"button checkout wc-forward\">Checkout</a></p>\n\n\t\n\n</div>",
        "a.cart-container": "\t\t\t<a class=\"cart-container\" href=\"https://askomdch.com/cart/\" title=\"View your shopping cart\">\r\n\r\n\t\t\t\t\t\t\t\t\t\t\t\t\t<div class=\"ast-cart-menu-wrap\">\r\n\t\t\t\t\t\t\t\t<span class=\"count\">\r\n\t\t\t\t\t\t\t\t\t1\t\t\t\t\t\t\t\t</span>\r\n\t\t\t\t\t\t\t</div>\r\n\t\t\t\t\t\t\t\t\t\t</a>\r\n\t\t\t"
    },
    "cart_hash": "077edd270071e91cf806e27ea69d99f4"
}
COUNTER 0: woocommerce_items_in_cart=1; path=/
COUNTER 0: woocommerce_items_in_cart=1; path=/
COUNTER 0: woocommerce_items_in_cart=1; path=/
COUNTER 1: woocommerce_cart_hash=42e65b245308ba4f486b61612707a993; path=/
COUNTER 2: wp_woocommerce_session_e39c30ea93030240fdcfed1ddf385ba1=t_f0b2ffcccd7e797a701c5aec0e050f%7C%7C1701763309%7C%7C1701759709%7C%7C6a975a42312432dfbe8ed6acf1033422; expires=Tue, 05 Dec 2023 01:31:49 IST; path=/;secure;
COUNTER 1: woocommerce_cart_hash=42e65b245308ba4f486b61612707a993; path=/
COUNTER 1: woocommerce_cart_hash=42e65b245308ba4f486b61612707a993; path=/
  When I add a "Anchor Bracelet" to the cart        # awesomecucumber.stepdefinitions.StoreStepDefinitions.iAddAToTheCart(awesomecucumber.domainobjects.Product)
      org.openqa.selenium.TimeoutException: Expected condition failed: waiting for element to be clickable: By.cssSelector: a[aria-label='Add Ã¢â‚¬Å“Anchor BraceletÃ¢â‚¬ï¿½ to your cart'] (tried for 10 second(s) with 500 milliseconds interval)
Build info: version: '4.15.0', revision: '1d14b5521b'
System info: os.name: 'Windows 11', os.arch: 'amd64', os.version: '10.0', java.version: '17.0.9'
Driver info: org.openqa.selenium.chrome.ChromeDriver
Capabilities {acceptInsecureCerts: false, browserName: chrome, browserVersion: 119.0.6045.200, chrome: {chromedriverVersion: 119.0.6045.105 (38c72552c5e..., userDataDir: C:\Users\shipr\AppData\Loca...}, fedcm:accounts: true, goog:chromeOptions: {debuggerAddress: localhost:63760}, networkConnectionEnabled: false, pageLoadStrategy: normal, platformName: windows, proxy: Proxy(), se:cdp: ws://localhost:63760/devtoo..., se:cdpVersion: 119.0.6045.200, setWindowRect: true, strictFileInteractability: false, timeouts: {implicit: 0, pageLoad: 300000, script: 30000}, unhandledPromptBehavior: dismiss and notify, webauthn:extension:credBlob: true, webauthn:extension:largeBlob: true, webauthn:extension:minPinLength: true, webauthn:extension:prf: true, webauthn:virtualAuthenticators: true}
Session ID: 338f866d4a9ae59ebc6df874ebd11d52
	at org.openqa.selenium.support.ui.WebDriverWait.timeoutException(WebDriverWait.java:84)
	at org.openqa.selenium.support.ui.FluentWait.until(FluentWait.java:229)
	at awesomecucumber.pages.BasePage.waitForElementToBeClickable(BasePage.java:98)
	at awesomecucumber.pages.BasePage.click(BasePage.java:59)
	at awesomecucumber.pages.StorePage.addToCart(StorePage.java:33)
	at awesomecucumber.stepdefinitions.StoreStepDefinitions.iAddAToTheCart(StoreStepDefinitions.java:33)
	at âœ½.I add a "Anchor Bracelet" to the cart(file:///C:/Workspace/Webdriver-Framework/src/test/resources/features/add_to_cart.feature:14)

  Then I should see 1 "Anchor Bracelet" in the cart # awesomecucumber.stepdefinitions.CartStepDefinitions.iShouldSeeInTheCart(int,awesomecucumber.domainobjects.Product)
AFTER: THREAD ID : 41,SCENARIO NAME: Add one quantity from Store
COUNTER 3: woocommerce_items_in_cart=1; path=/
COUNTER 2: wp_woocommerce_session_e39c30ea93030240fdcfed1ddf385ba1=t_2dc6020419e9a10a63db06ed08e9aa%7C%7C1701763310%7C%7C1701759710%7C%7C5a8240d18c23b8a4f5472f1b89ca3541; expires=Tue, 05 Dec 2023 01:31:50 IST; path=/;secure;
COUNTER 4: woocommerce_cart_hash=077edd270071e91cf806e27ea69d99f4; path=/
COUNTER 2: wp_woocommerce_session_e39c30ea93030240fdcfed1ddf385ba1=t_4d45b493d6c3e032a35ea8eb2dec99%7C%7C1701763309%7C%7C1701759709%7C%7C7b4811fec628cd31dcd40b1592c26749; expires=Tue, 05 Dec 2023 01:31:49 IST; path=/;secure;
COUNTER 5: wp_woocommerce_session_e39c30ea93030240fdcfed1ddf385ba1=t_f0b2ffcccd7e797a701c5aec0e050f%7C%7C1701763309%7C%7C1701759709%7C%7C6a975a42312432dfbe8ed6acf1033422; expires=Tue, 05 Dec 2023 01:31:49 IST; path=/;secure;
COUNTER 3: woocommerce_items_in_cart=1; path=/
COUNTER 3: woocommerce_items_in_cart=1; path=/
COUNTER 4: woocommerce_cart_hash=077edd270071e91cf806e27ea69d99f4; path=/
COUNTER 4: woocommerce_cart_hash=077edd270071e91cf806e27ea69d99f4; path=/
COUNTER 5: wp_woocommerce_session_e39c30ea93030240fdcfed1ddf385ba1=t_2dc6020419e9a10a63db06ed08e9aa%7C%7C1701763310%7C%7C1701759710%7C%7C5a8240d18c23b8a4f5472f1b89ca3541; expires=Tue, 05 Dec 2023 01:31:50 IST; path=/;secure;
COUNTER 5: wp_woocommerce_session_e39c30ea93030240fdcfed1ddf385ba1=t_4d45b493d6c3e032a35ea8eb2dec99%7C%7C1701763309%7C%7C1701759709%7C%7C7b4811fec628cd31dcd40b1592c26749; expires=Tue, 05 Dec 2023 01:31:49 IST; path=/;secure;

    Embedding Add one quantity from Store [image/png 216342 bytes]

  When I add a "Blue Shoes" to the cart        # awesomecucumber.stepdefinitions.StoreStepDefinitions.iAddAToTheCart(awesomecucumber.domainobjects.Product)
      org.openqa.selenium.TimeoutException: Expected condition failed: waiting for element to be clickable: By.cssSelector: a[aria-label='Add Ã¢â‚¬Å“Blue ShoesÃ¢â‚¬ï¿½ to your cart'] (tried for 10 second(s) with 500 milliseconds interval)
Build info: version: '4.15.0', revision: '1d14b5521b'
System info: os.name: 'Windows 11', os.arch: 'amd64', os.version: '10.0', java.version: '17.0.9'
Driver info: org.openqa.selenium.chrome.ChromeDriver
Capabilities {acceptInsecureCerts: false, browserName: chrome, browserVersion: 119.0.6045.200, chrome: {chromedriverVersion: 119.0.6045.105 (38c72552c5e..., userDataDir: C:\Users\shipr\AppData\Loca...}, fedcm:accounts: true, goog:chromeOptions: {debuggerAddress: localhost:63759}, networkConnectionEnabled: false, pageLoadStrategy: normal, platformName: windows, proxy: Proxy(), se:cdp: ws://localhost:63759/devtoo..., se:cdpVersion: 119.0.6045.200, setWindowRect: true, strictFileInteractability: false, timeouts: {implicit: 0, pageLoad: 300000, script: 30000}, unhandledPromptBehavior: dismiss and notify, webauthn:extension:credBlob: true, webauthn:extension:largeBlob: true, webauthn:extension:minPinLength: true, webauthn:extension:prf: true, webauthn:virtualAuthenticators: true}
Session ID: 5f0b64497c0fa530f48946f4d38e81bd
	at org.openqa.selenium.support.ui.WebDriverWait.timeoutException(WebDriverWait.java:84)
	at org.openqa.selenium.support.ui.FluentWait.until(FluentWait.java:229)
	at awesomecucumber.pages.BasePage.waitForElementToBeClickable(BasePage.java:98)
	at awesomecucumber.pages.BasePage.click(BasePage.java:59)
	at awesomecucumber.pages.StorePage.addToCart(StorePage.java:33)
	at awesomecucumber.stepdefinitions.StoreStepDefinitions.iAddAToTheCart(StoreStepDefinitions.java:33)
	at âœ½.I add a "Blue Shoes" to the cart(file:///C:/Workspace/Webdriver-Framework/src/test/resources/features/add_to_cart.feature:14)

  Then I should see 1 "Blue Shoes" in the cart # awesomecucumber.stepdefinitions.CartStepDefinitions.iShouldSeeInTheCart(int,awesomecucumber.domainobjects.Product)
AFTER: THREAD ID : 40,SCENARIO NAME: Add one quantity from Store

    Embedding Add one quantity from Store [image/png 216342 bytes]

]]></system-out>
  </testcase>
  <testcase name="runScenario[&quot;Add one quantity from Store&quot;, &quot;Add to cart&quot;](6)" classname="awesomecucumber.runners.MyTestNGRunnerTest" time="25.614">
    <failure message="Expected condition failed: waiting for element to be clickable: By.cssSelector: a[aria-label=&apos;Add â€œBlue Shoesâ€� to your cart&apos;] (tried for 10 second(s) with 500 milliseconds interval)&#10;Build info: version: &apos;4.15.0&apos;, revision: &apos;1d14b5521b&apos;&#10;System info: os.name: &apos;Windows 11&apos;, os.arch: &apos;amd64&apos;, os.version: &apos;10.0&apos;, java.version: &apos;17.0.9&apos;&#10;Driver info: org.openqa.selenium.chrome.ChromeDriver&#10;Capabilities {acceptInsecureCerts: false, browserName: chrome, browserVersion: 119.0.6045.200, chrome: {chromedriverVersion: 119.0.6045.105 (38c72552c5e..., userDataDir: C:\Users\shipr\AppData\Loca...}, fedcm:accounts: true, goog:chromeOptions: {debuggerAddress: localhost:63759}, networkConnectionEnabled: false, pageLoadStrategy: normal, platformName: windows, proxy: Proxy(), se:cdp: ws://localhost:63759/devtoo..., se:cdpVersion: 119.0.6045.200, setWindowRect: true, strictFileInteractability: false, timeouts: {implicit: 0, pageLoad: 300000, script: 30000}, unhandledPromptBehavior: dismiss and notify, webauthn:extension:credBlob: true, webauthn:extension:largeBlob: true, webauthn:extension:minPinLength: true, webauthn:extension:prf: true, webauthn:virtualAuthenticators: true}&#10;Session ID: 5f0b64497c0fa530f48946f4d38e81bd" type="org.openqa.selenium.TimeoutException"><![CDATA[org.openqa.selenium.TimeoutException: 
Expected condition failed: waiting for element to be clickable: By.cssSelector: a[aria-label='Add â€œBlue Shoesâ€� to your cart'] (tried for 10 second(s) with 500 milliseconds interval)
Build info: version: '4.15.0', revision: '1d14b5521b'
System info: os.name: 'Windows 11', os.arch: 'amd64', os.version: '10.0', java.version: '17.0.9'
Driver info: org.openqa.selenium.chrome.ChromeDriver
Capabilities {acceptInsecureCerts: false, browserName: chrome, browserVersion: 119.0.6045.200, chrome: {chromedriverVersion: 119.0.6045.105 (38c72552c5e..., userDataDir: C:\Users\shipr\AppData\Loca...}, fedcm:accounts: true, goog:chromeOptions: {debuggerAddress: localhost:63759}, networkConnectionEnabled: false, pageLoadStrategy: normal, platformName: windows, proxy: Proxy(), se:cdp: ws://localhost:63759/devtoo..., se:cdpVersion: 119.0.6045.200, setWindowRect: true, strictFileInteractability: false, timeouts: {implicit: 0, pageLoad: 300000, script: 30000}, unhandledPromptBehavior: dismiss and notify, webauthn:extension:credBlob: true, webauthn:extension:largeBlob: true, webauthn:extension:minPinLength: true, webauthn:extension:prf: true, webauthn:virtualAuthenticators: true}
Session ID: 5f0b64497c0fa530f48946f4d38e81bd
]]></failure>
    <system-out><![CDATA[  And I have 1 "Blue Shoes" in the cart        # awesomecucumber.stepdefinitions.CartStepDefinitions.iHaveInTheCart(int,awesomecucumber.domainobjects.Product)
  And I have 1 "Blue Shoes" in the cart        # awesomecucumber.stepdefinitions.CartStepDefinitions.iHaveInTheCart(int,awesomecucumber.domainobjects.Product)
  And I have 1 "Blue Shoes" in the cart        # awesomecucumber.stepdefinitions.CartStepDefinitions.iHaveInTheCart(int,awesomecucumber.domainobjects.Product)
]]></system-out>
  </testcase>
  <testcase name="runScenario[&quot;Add the product already in the cart&quot;, &quot;Add to cart&quot;](7)" classname="awesomecucumber.runners.MyTestNGRunnerTest" time="31.682">
    <system-out><![CDATA[  And I'm on the Checkout page                 # awesomecucumber.stepdefinitions.CheckoutStepDefinitions.iMOnTheCheckoutPage()
  When I provide billing details               # awesomecucumber.stepdefinitions.CheckoutStepDefinitions.iProvideBillingDetails()
OVERLAY SIZE2
  When I add 1 quantity to the cart            # awesomecucumber.stepdefinitions.ProductStepDefinitions.iAddToTheCart(int)
  Then I should see 2 "Blue Shoes" in the cart # awesomecucumber.stepdefinitions.CartStepDefinitions.iShouldSeeInTheCart(int,awesomecucumber.domainobjects.Product)
AFTER: THREAD ID : 43,SCENARIO NAME: Add the product already in the cart
]]></system-out>
  </testcase>
  <testcase name="runScenario[&quot;using default payment option&quot;, &quot;Place an order&quot;](8)" classname="awesomecucumber.runners.MyTestNGRunnerTest" time="35.119">
    <system-out><![CDATA[OVERLAYS INVISIBLE
  And I place an order                         # awesomecucumber.stepdefinitions.CheckoutStepDefinitions.iPlaceAnOrder()
  Then the order should be placed successfully # awesomecucumber.stepdefinitions.CheckoutStepDefinitions.theOrderShouldBePlacedSuccessfully()
AFTER: THREAD ID : 48,SCENARIO NAME: using default payment option
]]></system-out>
  </testcase>
  <testcase name="runScenario[&quot;Add the product already in the cart&quot;, &quot;Add to cart&quot;](9)" classname="awesomecucumber.runners.MyTestNGRunnerTest" time="36.101">
    <failure message="Expected condition failed: waiting for element to be clickable: By.cssSelector: a[aria-label=&apos;Add â€œBlue Shoesâ€� to your cart&apos;] (tried for 10 second(s) with 500 milliseconds interval)&#10;Build info: version: &apos;4.15.0&apos;, revision: &apos;1d14b5521b&apos;&#10;System info: os.name: &apos;Windows 11&apos;, os.arch: &apos;amd64&apos;, os.version: &apos;10.0&apos;, java.version: &apos;17.0.9&apos;&#10;Driver info: org.openqa.selenium.chrome.ChromeDriver&#10;Capabilities {acceptInsecureCerts: false, browserName: chrome, browserVersion: 119.0.6045.200, chrome: {chromedriverVersion: 119.0.6045.105 (38c72552c5e..., userDataDir: C:\Users\shipr\AppData\Loca...}, fedcm:accounts: true, goog:chromeOptions: {debuggerAddress: localhost:63761}, networkConnectionEnabled: false, pageLoadStrategy: normal, platformName: windows, proxy: Proxy(), se:cdp: ws://localhost:63761/devtoo..., se:cdpVersion: 119.0.6045.200, setWindowRect: true, strictFileInteractability: false, timeouts: {implicit: 0, pageLoad: 300000, script: 30000}, unhandledPromptBehavior: dismiss and notify, webauthn:extension:credBlob: true, webauthn:extension:largeBlob: true, webauthn:extension:minPinLength: true, webauthn:extension:prf: true, webauthn:virtualAuthenticators: true}&#10;Session ID: f281bbf2d81195d4e192e0953658dc76" type="org.openqa.selenium.TimeoutException"><![CDATA[org.openqa.selenium.TimeoutException: 
Expected condition failed: waiting for element to be clickable: By.cssSelector: a[aria-label='Add â€œBlue Shoesâ€� to your cart'] (tried for 10 second(s) with 500 milliseconds interval)
Build info: version: '4.15.0', revision: '1d14b5521b'
System info: os.name: 'Windows 11', os.arch: 'amd64', os.version: '10.0', java.version: '17.0.9'
Driver info: org.openqa.selenium.chrome.ChromeDriver
Capabilities {acceptInsecureCerts: false, browserName: chrome, browserVersion: 119.0.6045.200, chrome: {chromedriverVersion: 119.0.6045.105 (38c72552c5e..., userDataDir: C:\Users\shipr\AppData\Loca...}, fedcm:accounts: true, goog:chromeOptions: {debuggerAddress: localhost:63761}, networkConnectionEnabled: false, pageLoadStrategy: normal, platformName: windows, proxy: Proxy(), se:cdp: ws://localhost:63761/devtoo..., se:cdpVersion: 119.0.6045.200, setWindowRect: true, strictFileInteractability: false, timeouts: {implicit: 0, pageLoad: 300000, script: 30000}, unhandledPromptBehavior: dismiss and notify, webauthn:extension:credBlob: true, webauthn:extension:largeBlob: true, webauthn:extension:minPinLength: true, webauthn:extension:prf: true, webauthn:virtualAuthenticators: true}
Session ID: f281bbf2d81195d4e192e0953658dc76
]]></failure>
    <system-out><![CDATA[  When I add it again                          # awesomecucumber.stepdefinitions.StoreStepDefinitions.iAddItAgain()
      org.openqa.selenium.TimeoutException: Expected condition failed: waiting for element to be clickable: By.cssSelector: a[aria-label='Add Ã¢â‚¬Å“Blue ShoesÃ¢â‚¬ï¿½ to your cart'] (tried for 10 second(s) with 500 milliseconds interval)
Build info: version: '4.15.0', revision: '1d14b5521b'
System info: os.name: 'Windows 11', os.arch: 'amd64', os.version: '10.0', java.version: '17.0.9'
Driver info: org.openqa.selenium.chrome.ChromeDriver
Capabilities {acceptInsecureCerts: false, browserName: chrome, browserVersion: 119.0.6045.200, chrome: {chromedriverVersion: 119.0.6045.105 (38c72552c5e..., userDataDir: C:\Users\shipr\AppData\Loca...}, fedcm:accounts: true, goog:chromeOptions: {debuggerAddress: localhost:63761}, networkConnectionEnabled: false, pageLoadStrategy: normal, platformName: windows, proxy: Proxy(), se:cdp: ws://localhost:63761/devtoo..., se:cdpVersion: 119.0.6045.200, setWindowRect: true, strictFileInteractability: false, timeouts: {implicit: 0, pageLoad: 300000, script: 30000}, unhandledPromptBehavior: dismiss and notify, webauthn:extension:credBlob: true, webauthn:extension:largeBlob: true, webauthn:extension:minPinLength: true, webauthn:extension:prf: true, webauthn:virtualAuthenticators: true}
Session ID: f281bbf2d81195d4e192e0953658dc76
	at org.openqa.selenium.support.ui.WebDriverWait.timeoutException(WebDriverWait.java:84)
	at org.openqa.selenium.support.ui.FluentWait.until(FluentWait.java:229)
	at awesomecucumber.pages.BasePage.waitForElementToBeClickable(BasePage.java:98)
	at awesomecucumber.pages.BasePage.click(BasePage.java:59)
	at awesomecucumber.pages.StorePage.addToCart(StorePage.java:33)
	at awesomecucumber.stepdefinitions.StoreStepDefinitions.iAddItAgain(StoreStepDefinitions.java:28)
	at âœ½.I add it again(file:///C:/Workspace/Webdriver-Framework/src/test/resources/features/add_to_cart.feature:24)

  Then I should see 2 "Blue Shoes" in the cart # awesomecucumber.stepdefinitions.CartStepDefinitions.iShouldSeeInTheCart(int,awesomecucumber.domainobjects.Product)
AFTER: THREAD ID : 42,SCENARIO NAME: Add the product already in the cart

    Embedding Add the product already in the cart [image/png 216221 bytes]

]]></system-out>
  </testcase>
</testsuite>